<?xml version="1.0" encoding="UTF-8"?>
<coverage generated="1564946853818" clover="3.2.0">
  <project timestamp="1564946853818" name="All files">
    <metrics statements="127" coveredstatements="127" conditionals="24" coveredconditionals="24" methods="35" coveredmethods="35" elements="186" coveredelements="186" complexity="0" loc="127" ncloc="127" packages="1" files="3" classes="3"/>
    <file name="generator.js" path="/Users/john/dev/alchemy/lib/generator.js">
      <metrics statements="89" coveredstatements="89" conditionals="14" coveredconditionals="14" methods="23" coveredmethods="23"/>
      <line num="1" count="1" type="stmt"/>
      <line num="2" count="1" type="stmt"/>
      <line num="3" count="1" type="stmt"/>
      <line num="5" count="1" type="stmt"/>
      <line num="7" count="1" type="stmt"/>
      <line num="8" count="1" type="stmt"/>
      <line num="12" count="12" type="stmt"/>
      <line num="13" count="12" type="stmt"/>
      <line num="14" count="12" type="stmt"/>
      <line num="15" count="12" type="stmt"/>
      <line num="16" count="12" type="stmt"/>
      <line num="17" count="12" type="stmt"/>
      <line num="18" count="12" type="stmt"/>
      <line num="19" count="12" type="stmt"/>
      <line num="20" count="12" type="stmt"/>
      <line num="21" count="12" type="stmt"/>
      <line num="22" count="12" type="stmt"/>
      <line num="26" count="32" type="stmt"/>
      <line num="30" count="34" type="cond" truecount="2" falsecount="0"/>
      <line num="34" count="1" type="stmt"/>
      <line num="38" count="11" type="stmt"/>
      <line num="39" count="11" type="stmt"/>
      <line num="40" count="11" type="stmt"/>
      <line num="41" count="11" type="stmt"/>
      <line num="49" count="2" type="stmt"/>
      <line num="50" count="2" type="stmt"/>
      <line num="54" count="1" type="stmt"/>
      <line num="55" count="1" type="stmt"/>
      <line num="60" count="4" type="stmt"/>
      <line num="64" count="6" type="stmt"/>
      <line num="65" count="6" type="stmt"/>
      <line num="66" count="6" type="stmt"/>
      <line num="67" count="6" type="stmt"/>
      <line num="69" count="6" type="stmt"/>
      <line num="70" count="6" type="stmt"/>
      <line num="72" count="6" type="stmt"/>
      <line num="74" count="6" type="stmt"/>
      <line num="75" count="6" type="stmt"/>
      <line num="77" count="6" type="stmt"/>
      <line num="78" count="1" type="stmt"/>
      <line num="79" count="1" type="stmt"/>
      <line num="82" count="6" type="stmt"/>
      <line num="83" count="1" type="stmt"/>
      <line num="86" count="6" type="cond" truecount="2" falsecount="0"/>
      <line num="92" count="4" type="stmt"/>
      <line num="93" count="12" type="stmt"/>
      <line num="99" count="3" type="stmt"/>
      <line num="101" count="3" type="stmt"/>
      <line num="102" count="28" type="stmt"/>
      <line num="103" count="28" type="cond" truecount="2" falsecount="0"/>
      <line num="104" count="17" type="stmt"/>
      <line num="106" count="28" type="cond" truecount="2" falsecount="0"/>
      <line num="107" count="11" type="stmt"/>
      <line num="109" count="28" type="stmt"/>
      <line num="114" count="2" type="stmt"/>
      <line num="116" count="2" type="stmt"/>
      <line num="117" count="2" type="stmt"/>
      <line num="118" count="4" type="stmt"/>
      <line num="119" count="5" type="stmt"/>
      <line num="125" count="4" type="stmt"/>
      <line num="127" count="5" type="stmt"/>
      <line num="129" count="2" type="stmt"/>
      <line num="130" count="2" type="stmt"/>
      <line num="131" count="1" type="stmt"/>
      <line num="132" count="1" type="stmt"/>
      <line num="136" count="1" type="stmt"/>
      <line num="138" count="1" type="stmt"/>
      <line num="139" count="1" type="stmt"/>
      <line num="147" count="2" type="stmt"/>
      <line num="149" count="2" type="stmt"/>
      <line num="150" count="2" type="stmt"/>
      <line num="154" count="10" type="stmt"/>
      <line num="155" count="10" type="cond" truecount="2" falsecount="0"/>
      <line num="156" count="9" type="stmt"/>
      <line num="157" count="9" type="cond" truecount="2" falsecount="0"/>
      <line num="158" count="6" type="stmt"/>
      <line num="164" count="4" type="stmt"/>
      <line num="165" count="4" type="stmt"/>
      <line num="170" count="2" type="stmt"/>
      <line num="171" count="5" type="stmt"/>
      <line num="172" count="5" type="stmt"/>
      <line num="175" count="2" type="stmt"/>
      <line num="176" count="2" type="stmt"/>
      <line num="177" count="1" type="stmt"/>
      <line num="178" count="1" type="stmt"/>
      <line num="182" count="1" type="stmt"/>
      <line num="184" count="1" type="stmt"/>
      <line num="185" count="1" type="stmt"/>
      <line num="193" count="1" type="stmt"/>
    </file>
    <file name="listener.js" path="/Users/john/dev/alchemy/lib/listener.js">
      <metrics statements="22" coveredstatements="22" conditionals="0" coveredconditionals="0" methods="8" coveredmethods="8"/>
      <line num="1" count="2" type="stmt"/>
      <line num="2" count="2" type="stmt"/>
      <line num="4" count="2" type="stmt"/>
      <line num="8" count="13" type="stmt"/>
      <line num="12" count="1" type="stmt"/>
      <line num="17" count="1" type="stmt"/>
      <line num="19" count="1" type="stmt"/>
      <line num="20" count="1" type="stmt"/>
      <line num="21" count="1" type="stmt"/>
      <line num="22" count="1" type="stmt"/>
      <line num="23" count="1" type="stmt"/>
      <line num="28" count="1" type="stmt"/>
      <line num="29" count="1" type="stmt"/>
      <line num="30" count="1" type="stmt"/>
      <line num="31" count="1" type="stmt"/>
      <line num="32" count="1" type="stmt"/>
      <line num="33" count="1" type="stmt"/>
      <line num="36" count="1" type="stmt"/>
      <line num="37" count="1" type="stmt"/>
      <line num="39" count="1" type="stmt"/>
      <line num="40" count="1" type="stmt"/>
      <line num="45" count="2" type="stmt"/>
    </file>
    <file name="logger.js" path="/Users/john/dev/alchemy/lib/logger.js">
      <metrics statements="16" coveredstatements="16" conditionals="10" coveredconditionals="10" methods="4" coveredmethods="4"/>
      <line num="1" count="3" type="stmt"/>
      <line num="11" count="31" type="stmt"/>
      <line num="12" count="31" type="stmt"/>
      <line num="16" count="1" type="stmt"/>
      <line num="20" count="1" type="stmt"/>
      <line num="24" count="8" type="stmt"/>
      <line num="25" count="8" type="cond" truecount="2" falsecount="0"/>
      <line num="26" count="3" type="stmt"/>
      <line num="27" count="3" type="cond" truecount="2" falsecount="0"/>
      <line num="28" count="3" type="cond" truecount="2" falsecount="0"/>
      <line num="29" count="2" type="stmt"/>
      <line num="32" count="8" type="stmt"/>
      <line num="33" count="8" type="cond" truecount="2" falsecount="0"/>
      <line num="34" count="8" type="cond" truecount="2" falsecount="0"/>
      <line num="35" count="8" type="stmt"/>
      <line num="39" count="3" type="stmt"/>
    </file>
  </project>
</coverage>
