{"/Users/john/dev/alchemy/lib/generator.js": {"path":"/Users/john/dev/alchemy/lib/generator.js","statementMap":{"0":{"start":{"line":1,"column":15},"end":{"line":1,"column":32}},"1":{"start":{"line":2,"column":11},"end":{"line":2,"column":24}},"2":{"start":{"line":3,"column":13},"end":{"line":3,"column":28}},"3":{"start":{"line":5,"column":15},"end":{"line":5,"column":37}},"4":{"start":{"line":7,"column":17},"end":{"line":7,"column":38}},"5":{"start":{"line":8,"column":15},"end":{"line":8,"column":34}},"6":{"start":{"line":12,"column":4},"end":{"line":12,"column":58}},"7":{"start":{"line":13,"column":4},"end":{"line":13,"column":60}},"8":{"start":{"line":14,"column":4},"end":{"line":14,"column":66}},"9":{"start":{"line":15,"column":4},"end":{"line":15,"column":26}},"10":{"start":{"line":16,"column":4},"end":{"line":16,"column":27}},"11":{"start":{"line":17,"column":4},"end":{"line":17,"column":30}},"12":{"start":{"line":18,"column":4},"end":{"line":18,"column":31}},"13":{"start":{"line":19,"column":4},"end":{"line":19,"column":35}},"14":{"start":{"line":20,"column":4},"end":{"line":20,"column":57}},"15":{"start":{"line":21,"column":4},"end":{"line":21,"column":59}},"16":{"start":{"line":22,"column":4},"end":{"line":22,"column":65}},"17":{"start":{"line":26,"column":4},"end":{"line":26,"column":40}},"18":{"start":{"line":30,"column":4},"end":{"line":30,"column":46}},"19":{"start":{"line":30,"column":14},"end":{"line":30,"column":46}},"20":{"start":{"line":34,"column":4},"end":{"line":34,"column":62}},"21":{"start":{"line":34,"column":40},"end":{"line":34,"column":60}},"22":{"start":{"line":38,"column":23},"end":{"line":38,"column":38}},"23":{"start":{"line":39,"column":31},"end":{"line":39,"column":41}},"24":{"start":{"line":40,"column":19},"end":{"line":40,"column":38}},"25":{"start":{"line":41,"column":4},"end":{"line":45,"column":7}},"26":{"start":{"line":49,"column":4},"end":{"line":49,"column":38}},"27":{"start":{"line":50,"column":4},"end":{"line":50,"column":16}},"28":{"start":{"line":54,"column":4},"end":{"line":54,"column":37}},"29":{"start":{"line":55,"column":4},"end":{"line":55,"column":16}},"30":{"start":{"line":60,"column":4},"end":{"line":60,"column":81}},"31":{"start":{"line":64,"column":24},"end":{"line":64,"column":45}},"32":{"start":{"line":65,"column":20},"end":{"line":65,"column":35}},"33":{"start":{"line":66,"column":30},"end":{"line":66,"column":58}},"34":{"start":{"line":67,"column":20},"end":{"line":67,"column":77}},"35":{"start":{"line":69,"column":21},"end":{"line":69,"column":25}},"36":{"start":{"line":70,"column":25},"end":{"line":70,"column":47}},"37":{"start":{"line":72,"column":4},"end":{"line":72,"column":37}},"38":{"start":{"line":74,"column":18},"end":{"line":74,"column":68}},"39":{"start":{"line":74,"column":23},"end":{"line":74,"column":68}},"40":{"start":{"line":75,"column":17},"end":{"line":75,"column":69}},"41":{"start":{"line":75,"column":23},"end":{"line":75,"column":69}},"42":{"start":{"line":77,"column":24},"end":{"line":80,"column":5}},"43":{"start":{"line":78,"column":6},"end":{"line":78,"column":63}},"44":{"start":{"line":79,"column":6},"end":{"line":79,"column":39}},"45":{"start":{"line":82,"column":4},"end":{"line":84,"column":5}},"46":{"start":{"line":83,"column":6},"end":{"line":83,"column":55}},"47":{"start":{"line":86,"column":4},"end":{"line":86,"column":80}},"48":{"start":{"line":92,"column":21},"end":{"line":92,"column":66}},"49":{"start":{"line":93,"column":4},"end":{"line":97,"column":8}},"50":{"start":{"line":93,"column":32},"end":{"line":97,"column":6}},"51":{"start":{"line":99,"column":4},"end":{"line":99,"column":33}},"52":{"start":{"line":101,"column":4},"end":{"line":110,"column":5}},"53":{"start":{"line":102,"column":23},"end":{"line":102,"column":67}},"54":{"start":{"line":103,"column":6},"end":{"line":105,"column":7}},"55":{"start":{"line":104,"column":8},"end":{"line":104,"column":44}},"56":{"start":{"line":106,"column":6},"end":{"line":108,"column":7}},"57":{"start":{"line":107,"column":8},"end":{"line":107,"column":39}},"58":{"start":{"line":109,"column":6},"end":{"line":109,"column":35}},"59":{"start":{"line":114,"column":4},"end":{"line":114,"column":29}},"60":{"start":{"line":116,"column":17},"end":{"line":116,"column":25}},"61":{"start":{"line":117,"column":29},"end":{"line":126,"column":5}},"62":{"start":{"line":118,"column":23},"end":{"line":118,"column":72}},"63":{"start":{"line":119,"column":6},"end":{"line":123,"column":10}},"64":{"start":{"line":119,"column":34},"end":{"line":123,"column":8}},"65":{"start":{"line":125,"column":6},"end":{"line":125,"column":38}},"66":{"start":{"line":127,"column":24},"end":{"line":127,"column":73}},"67":{"start":{"line":127,"column":47},"end":{"line":127,"column":73}},"68":{"start":{"line":129,"column":4},"end":{"line":143,"column":5}},"69":{"start":{"line":130,"column":6},"end":{"line":130,"column":57}},"70":{"start":{"line":131,"column":6},"end":{"line":131,"column":30}},"71":{"start":{"line":132,"column":6},"end":{"line":135,"column":9}},"72":{"start":{"line":136,"column":6},"end":{"line":136,"column":18}},"73":{"start":{"line":138,"column":6},"end":{"line":138,"column":30}},"74":{"start":{"line":139,"column":6},"end":{"line":142,"column":9}},"75":{"start":{"line":147,"column":4},"end":{"line":147,"column":29}},"76":{"start":{"line":149,"column":17},"end":{"line":149,"column":26}},"77":{"start":{"line":150,"column":29},"end":{"line":168,"column":5}},"78":{"start":{"line":154,"column":21},"end":{"line":154,"column":44}},"79":{"start":{"line":155,"column":6},"end":{"line":167,"column":7}},"80":{"start":{"line":156,"column":25},"end":{"line":156,"column":74}},"81":{"start":{"line":157,"column":8},"end":{"line":166,"column":9}},"82":{"start":{"line":158,"column":10},"end":{"line":162,"column":14}},"83":{"start":{"line":158,"column":38},"end":{"line":162,"column":12}},"84":{"start":{"line":164,"column":10},"end":{"line":164,"column":43}},"85":{"start":{"line":165,"column":10},"end":{"line":165,"column":33}},"86":{"start":{"line":170,"column":24},"end":{"line":173,"column":5}},"87":{"start":{"line":171,"column":6},"end":{"line":171,"column":39}},"88":{"start":{"line":172,"column":6},"end":{"line":172,"column":30}},"89":{"start":{"line":175,"column":4},"end":{"line":189,"column":5}},"90":{"start":{"line":176,"column":6},"end":{"line":176,"column":57}},"91":{"start":{"line":177,"column":6},"end":{"line":177,"column":30}},"92":{"start":{"line":178,"column":6},"end":{"line":181,"column":9}},"93":{"start":{"line":182,"column":6},"end":{"line":182,"column":18}},"94":{"start":{"line":184,"column":6},"end":{"line":184,"column":30}},"95":{"start":{"line":185,"column":6},"end":{"line":188,"column":9}},"96":{"start":{"line":193,"column":0},"end":{"line":193,"column":27}}},"fnMap":{"0":{"name":"(anonymous_0)","decl":{"start":{"line":11,"column":2},"end":{"line":11,"column":3}},"loc":{"start":{"line":11,"column":23},"end":{"line":23,"column":3}},"line":11},"1":{"name":"(anonymous_1)","decl":{"start":{"line":25,"column":2},"end":{"line":25,"column":3}},"loc":{"start":{"line":25,"column":16},"end":{"line":27,"column":3}},"line":25},"2":{"name":"(anonymous_2)","decl":{"start":{"line":29,"column":2},"end":{"line":29,"column":3}},"loc":{"start":{"line":29,"column":20},"end":{"line":31,"column":3}},"line":29},"3":{"name":"(anonymous_3)","decl":{"start":{"line":33,"column":2},"end":{"line":33,"column":3}},"loc":{"start":{"line":33,"column":15},"end":{"line":35,"column":3}},"line":33},"4":{"name":"(anonymous_4)","decl":{"start":{"line":34,"column":34},"end":{"line":34,"column":35}},"loc":{"start":{"line":34,"column":40},"end":{"line":34,"column":60}},"line":34},"5":{"name":"(anonymous_5)","decl":{"start":{"line":37,"column":2},"end":{"line":37,"column":3}},"loc":{"start":{"line":37,"column":22},"end":{"line":46,"column":3}},"line":37},"6":{"name":"(anonymous_6)","decl":{"start":{"line":48,"column":2},"end":{"line":48,"column":3}},"loc":{"start":{"line":48,"column":24},"end":{"line":51,"column":3}},"line":48},"7":{"name":"(anonymous_7)","decl":{"start":{"line":53,"column":2},"end":{"line":53,"column":3}},"loc":{"start":{"line":53,"column":32},"end":{"line":56,"column":3}},"line":53},"8":{"name":"(anonymous_8)","decl":{"start":{"line":58,"column":2},"end":{"line":58,"column":3}},"loc":{"start":{"line":58,"column":34},"end":{"line":61,"column":3}},"line":58},"9":{"name":"(anonymous_9)","decl":{"start":{"line":63,"column":2},"end":{"line":63,"column":3}},"loc":{"start":{"line":63,"column":19},"end":{"line":87,"column":3}},"line":63},"10":{"name":"(anonymous_10)","decl":{"start":{"line":74,"column":18},"end":{"line":74,"column":19}},"loc":{"start":{"line":74,"column":23},"end":{"line":74,"column":68}},"line":74},"11":{"name":"(anonymous_11)","decl":{"start":{"line":75,"column":17},"end":{"line":75,"column":18}},"loc":{"start":{"line":75,"column":23},"end":{"line":75,"column":69}},"line":75},"12":{"name":"(anonymous_12)","decl":{"start":{"line":77,"column":24},"end":{"line":77,"column":25}},"loc":{"start":{"line":77,"column":43},"end":{"line":80,"column":5}},"line":77},"13":{"name":"(anonymous_13)","decl":{"start":{"line":89,"column":2},"end":{"line":89,"column":3}},"loc":{"start":{"line":89,"column":48},"end":{"line":111,"column":3}},"line":89},"14":{"name":"(anonymous_14)","decl":{"start":{"line":93,"column":21},"end":{"line":93,"column":22}},"loc":{"start":{"line":93,"column":32},"end":{"line":97,"column":6}},"line":93},"15":{"name":"(anonymous_15)","decl":{"start":{"line":113,"column":2},"end":{"line":113,"column":3}},"loc":{"start":{"line":113,"column":10},"end":{"line":144,"column":3}},"line":113},"16":{"name":"(anonymous_16)","decl":{"start":{"line":117,"column":29},"end":{"line":117,"column":30}},"loc":{"start":{"line":117,"column":52},"end":{"line":126,"column":5}},"line":117},"17":{"name":"(anonymous_17)","decl":{"start":{"line":119,"column":23},"end":{"line":119,"column":24}},"loc":{"start":{"line":119,"column":34},"end":{"line":123,"column":8}},"line":119},"18":{"name":"(anonymous_18)","decl":{"start":{"line":127,"column":24},"end":{"line":127,"column":25}},"loc":{"start":{"line":127,"column":47},"end":{"line":127,"column":73}},"line":127},"19":{"name":"(anonymous_19)","decl":{"start":{"line":146,"column":2},"end":{"line":146,"column":3}},"loc":{"start":{"line":146,"column":10},"end":{"line":190,"column":3}},"line":146},"20":{"name":"(anonymous_20)","decl":{"start":{"line":150,"column":29},"end":{"line":150,"column":30}},"loc":{"start":{"line":150,"column":52},"end":{"line":168,"column":5}},"line":150},"21":{"name":"(anonymous_21)","decl":{"start":{"line":158,"column":27},"end":{"line":158,"column":28}},"loc":{"start":{"line":158,"column":38},"end":{"line":162,"column":12}},"line":158},"22":{"name":"(anonymous_22)","decl":{"start":{"line":170,"column":24},"end":{"line":170,"column":25}},"loc":{"start":{"line":170,"column":47},"end":{"line":173,"column":5}},"line":170}},"branchMap":{"0":{"loc":{"start":{"line":30,"column":4},"end":{"line":30,"column":46}},"type":"if","locations":[{"start":{"line":30,"column":4},"end":{"line":30,"column":46}},{"start":{"line":30,"column":4},"end":{"line":30,"column":46}}],"line":30},"1":{"loc":{"start":{"line":44,"column":11},"end":{"line":44,"column":40}},"type":"binary-expr","locations":[{"start":{"line":44,"column":11},"end":{"line":44,"column":33}},{"start":{"line":44,"column":37},"end":{"line":44,"column":40}}],"line":44},"2":{"loc":{"start":{"line":86,"column":11},"end":{"line":86,"column":79}},"type":"cond-expr","locations":[{"start":{"line":86,"column":41},"end":{"line":86,"column":70}},{"start":{"line":86,"column":73},"end":{"line":86,"column":79}}],"line":86},"3":{"loc":{"start":{"line":103,"column":6},"end":{"line":105,"column":7}},"type":"if","locations":[{"start":{"line":103,"column":6},"end":{"line":105,"column":7}},{"start":{"line":103,"column":6},"end":{"line":105,"column":7}}],"line":103},"4":{"loc":{"start":{"line":106,"column":6},"end":{"line":108,"column":7}},"type":"if","locations":[{"start":{"line":106,"column":6},"end":{"line":108,"column":7}},{"start":{"line":106,"column":6},"end":{"line":108,"column":7}}],"line":106},"5":{"loc":{"start":{"line":155,"column":6},"end":{"line":167,"column":7}},"type":"if","locations":[{"start":{"line":155,"column":6},"end":{"line":167,"column":7}},{"start":{"line":155,"column":6},"end":{"line":167,"column":7}}],"line":155},"6":{"loc":{"start":{"line":157,"column":8},"end":{"line":166,"column":9}},"type":"if","locations":[{"start":{"line":157,"column":8},"end":{"line":166,"column":9}},{"start":{"line":157,"column":8},"end":{"line":166,"column":9}}],"line":157}},"s":{"0":1,"1":1,"2":1,"3":1,"4":1,"5":1,"6":12,"7":12,"8":12,"9":12,"10":12,"11":12,"12":12,"13":12,"14":12,"15":12,"16":12,"17":32,"18":34,"19":30,"20":1,"21":1,"22":11,"23":11,"24":11,"25":11,"26":2,"27":2,"28":1,"29":1,"30":4,"31":6,"32":6,"33":6,"34":6,"35":6,"36":6,"37":6,"38":6,"39":1,"40":6,"41":5,"42":6,"43":1,"44":1,"45":6,"46":1,"47":6,"48":4,"49":3,"50":12,"51":3,"52":3,"53":28,"54":28,"55":17,"56":28,"57":11,"58":28,"59":2,"60":2,"61":2,"62":4,"63":4,"64":5,"65":4,"66":2,"67":5,"68":2,"69":2,"70":1,"71":1,"72":1,"73":1,"74":1,"75":2,"76":2,"77":2,"78":10,"79":10,"80":9,"81":9,"82":5,"83":6,"84":4,"85":4,"86":2,"87":5,"88":5,"89":2,"90":2,"91":1,"92":1,"93":1,"94":1,"95":1,"96":1},"f":{"0":12,"1":32,"2":34,"3":1,"4":1,"5":11,"6":2,"7":1,"8":4,"9":6,"10":1,"11":5,"12":1,"13":4,"14":12,"15":2,"16":4,"17":5,"18":5,"19":2,"20":10,"21":6,"22":5},"b":{"0":[30,4],"1":[11,11],"2":[1,5],"3":[17,11],"4":[11,17],"5":[9,1],"6":[5,4]},"_coverageSchema":"43e27e138ebf9cfc5966b082cf9a028302ed4184","hash":"bcaaddfe1c00655b1f1365d24bedb363947e3336"}
,"/Users/john/dev/alchemy/lib/listener.js": {"path":"/Users/john/dev/alchemy/lib/listener.js","statementMap":{"0":{"start":{"line":1,"column":11},"end":{"line":1,"column":24}},"1":{"start":{"line":2,"column":13},"end":{"line":2,"column":28}},"2":{"start":{"line":4,"column":15},"end":{"line":4,"column":34}},"3":{"start":{"line":8,"column":4},"end":{"line":8,"column":31}},"4":{"start":{"line":12,"column":4},"end":{"line":15,"column":7}},"5":{"start":{"line":17,"column":21},"end":{"line":26,"column":5}},"6":{"start":{"line":19,"column":6},"end":{"line":25,"column":8}},"7":{"start":{"line":20,"column":8},"end":{"line":20,"column":28}},"8":{"start":{"line":21,"column":8},"end":{"line":24,"column":18}},"9":{"start":{"line":22,"column":10},"end":{"line":22,"column":22}},"10":{"start":{"line":23,"column":10},"end":{"line":23,"column":23}},"11":{"start":{"line":28,"column":20},"end":{"line":34,"column":5}},"12":{"start":{"line":29,"column":26},"end":{"line":29,"column":50}},"13":{"start":{"line":30,"column":26},"end":{"line":30,"column":51}},"14":{"start":{"line":31,"column":29},"end":{"line":31,"column":64}},"15":{"start":{"line":32,"column":6},"end":{"line":32,"column":55}},"16":{"start":{"line":33,"column":6},"end":{"line":33,"column":28}},"17":{"start":{"line":36,"column":19},"end":{"line":36,"column":41}},"18":{"start":{"line":37,"column":21},"end":{"line":37,"column":72}},"19":{"start":{"line":37,"column":51},"end":{"line":37,"column":72}},"20":{"start":{"line":39,"column":4},"end":{"line":41,"column":7}},"21":{"start":{"line":40,"column":6},"end":{"line":40,"column":67}},"22":{"start":{"line":45,"column":0},"end":{"line":45,"column":24}}},"fnMap":{"0":{"name":"(anonymous_0)","decl":{"start":{"line":7,"column":2},"end":{"line":7,"column":3}},"loc":{"start":{"line":7,"column":16},"end":{"line":9,"column":3}},"line":7},"1":{"name":"(anonymous_1)","decl":{"start":{"line":11,"column":2},"end":{"line":11,"column":3}},"loc":{"start":{"line":11,"column":29},"end":{"line":42,"column":3}},"line":11},"2":{"name":"(anonymous_2)","decl":{"start":{"line":17,"column":21},"end":{"line":17,"column":22}},"loc":{"start":{"line":17,"column":36},"end":{"line":26,"column":5}},"line":17},"3":{"name":"(anonymous_3)","decl":{"start":{"line":19,"column":13},"end":{"line":19,"column":14}},"loc":{"start":{"line":19,"column":26},"end":{"line":25,"column":7}},"line":19},"4":{"name":"(anonymous_4)","decl":{"start":{"line":21,"column":27},"end":{"line":21,"column":28}},"loc":{"start":{"line":21,"column":33},"end":{"line":24,"column":9}},"line":21},"5":{"name":"(anonymous_5)","decl":{"start":{"line":28,"column":20},"end":{"line":28,"column":21}},"loc":{"start":{"line":28,"column":39},"end":{"line":34,"column":5}},"line":28},"6":{"name":"(anonymous_6)","decl":{"start":{"line":37,"column":21},"end":{"line":37,"column":22}},"loc":{"start":{"line":37,"column":51},"end":{"line":37,"column":72}},"line":37},"7":{"name":"(anonymous_7)","decl":{"start":{"line":39,"column":19},"end":{"line":39,"column":20}},"loc":{"start":{"line":39,"column":28},"end":{"line":41,"column":5}},"line":39}},"branchMap":{},"s":{"0":2,"1":2,"2":2,"3":13,"4":1,"5":1,"6":1,"7":1,"8":1,"9":1,"10":1,"11":1,"12":1,"13":1,"14":1,"15":1,"16":1,"17":1,"18":1,"19":1,"20":1,"21":1,"22":2},"f":{"0":13,"1":1,"2":1,"3":1,"4":1,"5":1,"6":1,"7":1},"b":{},"_coverageSchema":"43e27e138ebf9cfc5966b082cf9a028302ed4184","hash":"e36bbe7e9dad2665891bf97eb6009e6e82c40778"}
,"/Users/john/dev/alchemy/lib/logger.js": {"path":"/Users/john/dev/alchemy/lib/logger.js","statementMap":{"0":{"start":{"line":1,"column":15},"end":{"line":7,"column":1}},"1":{"start":{"line":11,"column":4},"end":{"line":11,"column":19}},"2":{"start":{"line":12,"column":4},"end":{"line":12,"column":18}},"3":{"start":{"line":16,"column":4},"end":{"line":16,"column":28}},"4":{"start":{"line":20,"column":4},"end":{"line":20,"column":27}},"5":{"start":{"line":24,"column":27},"end":{"line":24,"column":72}},"6":{"start":{"line":25,"column":4},"end":{"line":31,"column":5}},"7":{"start":{"line":26,"column":24},"end":{"line":26,"column":46}},"8":{"start":{"line":27,"column":28},"end":{"line":27,"column":89}},"9":{"start":{"line":28,"column":6},"end":{"line":30,"column":7}},"10":{"start":{"line":29,"column":8},"end":{"line":29,"column":63}},"11":{"start":{"line":32,"column":15},"end":{"line":32,"column":20}},"12":{"start":{"line":33,"column":4},"end":{"line":33,"column":44}},"13":{"start":{"line":33,"column":30},"end":{"line":33,"column":44}},"14":{"start":{"line":34,"column":4},"end":{"line":34,"column":44}},"15":{"start":{"line":34,"column":29},"end":{"line":34,"column":44}},"16":{"start":{"line":35,"column":4},"end":{"line":35,"column":73}},"17":{"start":{"line":39,"column":0},"end":{"line":39,"column":24}}},"fnMap":{"0":{"name":"(anonymous_0)","decl":{"start":{"line":10,"column":2},"end":{"line":10,"column":3}},"loc":{"start":{"line":10,"column":16},"end":{"line":13,"column":3}},"line":10},"1":{"name":"(anonymous_1)","decl":{"start":{"line":15,"column":2},"end":{"line":15,"column":3}},"loc":{"start":{"line":15,"column":15},"end":{"line":17,"column":3}},"line":15},"2":{"name":"(anonymous_2)","decl":{"start":{"line":19,"column":2},"end":{"line":19,"column":3}},"loc":{"start":{"line":19,"column":14},"end":{"line":21,"column":3}},"line":19},"3":{"name":"(anonymous_3)","decl":{"start":{"line":23,"column":2},"end":{"line":23,"column":3}},"loc":{"start":{"line":23,"column":40},"end":{"line":36,"column":3}},"line":23}},"branchMap":{"0":{"loc":{"start":{"line":25,"column":4},"end":{"line":31,"column":5}},"type":"if","locations":[{"start":{"line":25,"column":4},"end":{"line":31,"column":5}},{"start":{"line":25,"column":4},"end":{"line":31,"column":5}}],"line":25},"1":{"loc":{"start":{"line":27,"column":28},"end":{"line":27,"column":89}},"type":"cond-expr","locations":[{"start":{"line":27,"column":48},"end":{"line":27,"column":70}},{"start":{"line":27,"column":73},"end":{"line":27,"column":89}}],"line":27},"2":{"loc":{"start":{"line":28,"column":6},"end":{"line":30,"column":7}},"type":"if","locations":[{"start":{"line":28,"column":6},"end":{"line":30,"column":7}},{"start":{"line":28,"column":6},"end":{"line":30,"column":7}}],"line":28},"3":{"loc":{"start":{"line":33,"column":4},"end":{"line":33,"column":44}},"type":"if","locations":[{"start":{"line":33,"column":4},"end":{"line":33,"column":44}},{"start":{"line":33,"column":4},"end":{"line":33,"column":44}}],"line":33},"4":{"loc":{"start":{"line":34,"column":4},"end":{"line":34,"column":44}},"type":"if","locations":[{"start":{"line":34,"column":4},"end":{"line":34,"column":44}},{"start":{"line":34,"column":4},"end":{"line":34,"column":44}}],"line":34}},"s":{"0":3,"1":31,"2":31,"3":1,"4":1,"5":8,"6":8,"7":3,"8":3,"9":3,"10":2,"11":8,"12":8,"13":1,"14":8,"15":1,"16":8,"17":3},"f":{"0":31,"1":1,"2":1,"3":8},"b":{"0":[3,5],"1":[1,2],"2":[2,1],"3":[1,7],"4":[1,7]},"_coverageSchema":"43e27e138ebf9cfc5966b082cf9a028302ed4184","hash":"f871fe814cdb6394f354f5a710cac8dd29bb40d1"}
}
