TN:
SF:/Users/john/dev/alchemy/lib/generator.js
FN:11,(anonymous_0)
FN:25,(anonymous_1)
FN:29,(anonymous_2)
FN:33,(anonymous_3)
FN:34,(anonymous_4)
FN:37,(anonymous_5)
FN:48,(anonymous_6)
FN:53,(anonymous_7)
FN:58,(anonymous_8)
FN:63,(anonymous_9)
FN:74,(anonymous_10)
FN:75,(anonymous_11)
FN:77,(anonymous_12)
FN:89,(anonymous_13)
FN:93,(anonymous_14)
FN:113,(anonymous_15)
FN:117,(anonymous_16)
FN:119,(anonymous_17)
FN:127,(anonymous_18)
FN:146,(anonymous_19)
FN:150,(anonymous_20)
FN:158,(anonymous_21)
FN:170,(anonymous_22)
FNF:23
FNH:23
FNDA:12,(anonymous_0)
FNDA:32,(anonymous_1)
FNDA:34,(anonymous_2)
FNDA:1,(anonymous_3)
FNDA:1,(anonymous_4)
FNDA:11,(anonymous_5)
FNDA:2,(anonymous_6)
FNDA:1,(anonymous_7)
FNDA:4,(anonymous_8)
FNDA:6,(anonymous_9)
FNDA:1,(anonymous_10)
FNDA:5,(anonymous_11)
FNDA:1,(anonymous_12)
FNDA:4,(anonymous_13)
FNDA:12,(anonymous_14)
FNDA:2,(anonymous_15)
FNDA:4,(anonymous_16)
FNDA:5,(anonymous_17)
FNDA:5,(anonymous_18)
FNDA:2,(anonymous_19)
FNDA:10,(anonymous_20)
FNDA:6,(anonymous_21)
FNDA:5,(anonymous_22)
DA:1,1
DA:2,1
DA:3,1
DA:5,1
DA:7,1
DA:8,1
DA:12,12
DA:13,12
DA:14,12
DA:15,12
DA:16,12
DA:17,12
DA:18,12
DA:19,12
DA:20,12
DA:21,12
DA:22,12
DA:26,32
DA:30,34
DA:34,1
DA:38,11
DA:39,11
DA:40,11
DA:41,11
DA:49,2
DA:50,2
DA:54,1
DA:55,1
DA:60,4
DA:64,6
DA:65,6
DA:66,6
DA:67,6
DA:69,6
DA:70,6
DA:72,6
DA:74,6
DA:75,6
DA:77,6
DA:78,1
DA:79,1
DA:82,6
DA:83,1
DA:86,6
DA:92,4
DA:93,12
DA:99,3
DA:101,3
DA:102,28
DA:103,28
DA:104,17
DA:106,28
DA:107,11
DA:109,28
DA:114,2
DA:116,2
DA:117,2
DA:118,4
DA:119,5
DA:125,4
DA:127,5
DA:129,2
DA:130,2
DA:131,1
DA:132,1
DA:136,1
DA:138,1
DA:139,1
DA:147,2
DA:149,2
DA:150,2
DA:154,10
DA:155,10
DA:156,9
DA:157,9
DA:158,6
DA:164,4
DA:165,4
DA:170,2
DA:171,5
DA:172,5
DA:175,2
DA:176,2
DA:177,1
DA:178,1
DA:182,1
DA:184,1
DA:185,1
DA:193,1
LF:89
LH:89
BRDA:30,0,0,30
BRDA:30,0,1,4
BRDA:44,1,0,11
BRDA:44,1,1,11
BRDA:86,2,0,1
BRDA:86,2,1,5
BRDA:103,3,0,17
BRDA:103,3,1,11
BRDA:106,4,0,11
BRDA:106,4,1,17
BRDA:155,5,0,9
BRDA:155,5,1,1
BRDA:157,6,0,5
BRDA:157,6,1,4
BRF:14
BRH:14
end_of_record
TN:
SF:/Users/john/dev/alchemy/lib/listener.js
FN:7,(anonymous_0)
FN:11,(anonymous_1)
FN:17,(anonymous_2)
FN:19,(anonymous_3)
FN:21,(anonymous_4)
FN:28,(anonymous_5)
FN:37,(anonymous_6)
FN:39,(anonymous_7)
FNF:8
FNH:8
FNDA:13,(anonymous_0)
FNDA:1,(anonymous_1)
FNDA:1,(anonymous_2)
FNDA:1,(anonymous_3)
FNDA:1,(anonymous_4)
FNDA:1,(anonymous_5)
FNDA:1,(anonymous_6)
FNDA:1,(anonymous_7)
DA:1,2
DA:2,2
DA:4,2
DA:8,13
DA:12,1
DA:17,1
DA:19,1
DA:20,1
DA:21,1
DA:22,1
DA:23,1
DA:28,1
DA:29,1
DA:30,1
DA:31,1
DA:32,1
DA:33,1
DA:36,1
DA:37,1
DA:39,1
DA:40,1
DA:45,2
LF:22
LH:22
BRF:0
BRH:0
end_of_record
TN:
SF:/Users/john/dev/alchemy/lib/logger.js
FN:10,(anonymous_0)
FN:15,(anonymous_1)
FN:19,(anonymous_2)
FN:23,(anonymous_3)
FNF:4
FNH:4
FNDA:31,(anonymous_0)
FNDA:1,(anonymous_1)
FNDA:1,(anonymous_2)
FNDA:8,(anonymous_3)
DA:1,3
DA:11,31
DA:12,31
DA:16,1
DA:20,1
DA:24,8
DA:25,8
DA:26,3
DA:27,3
DA:28,3
DA:29,2
DA:32,8
DA:33,8
DA:34,8
DA:35,8
DA:39,3
LF:16
LH:16
BRDA:25,0,0,3
BRDA:25,0,1,5
BRDA:27,1,0,1
BRDA:27,1,1,2
BRDA:28,2,0,2
BRDA:28,2,1,1
BRDA:33,3,0,1
BRDA:33,3,1,7
BRDA:34,4,0,1
BRDA:34,4,1,7
BRF:10
BRH:10
end_of_record
